Using pre-set license
Built from '2020.3/staging' branch; Version is '2020.3.17f1 (a4537701e4ab) revision 10769271'; Using compiler version '192528614'; Build Type 'Release'
OS: 'Windows 10 Pro; OS build 19042.1348; Version 2009; 64bit' Language: 'en' Physical Memory: 16314 MB
BatchMode: 1, IsHumanControllingUs: 0, StartBugReporterOnCrash: 0, Is64bit: 1, IsPro: 0

COMMAND LINE ARGUMENTS:
C:\Program Files\Unity\Hub\Editor\2020.3.17f1\Editor\Unity.exe
-adb2
-batchMode
-noUpm
-name
AssetImportWorker0
-projectPath
C:/Users/Korisnik/Desktop/Natjecanje_
-logFile
Logs/AssetImportWorker0.log
-srvPort
53282
Successfully changed project path to: C:/Users/Korisnik/Desktop/Natjecanje_
C:/Users/Korisnik/Desktop/Natjecanje_
Using Asset Import Pipeline V2.
Refreshing native plugins compatible for Editor in 46.67 ms, found 3 plugins.
Preloading 0 native plugins for Editor in 0.00 ms.
Initialize engine version: 2020.3.17f1 (a4537701e4ab)
[Subsystems] Discovering subsystems at path C:/Program Files/Unity/Hub/Editor/2020.3.17f1/Editor/Data/Resources/UnitySubsystems
[Subsystems] Discovering subsystems at path C:/Users/Korisnik/Desktop/Natjecanje_/Assets
GfxDevice: creating device client; threaded=0
Direct3D:
    Version:  Direct3D 11.0 [level 11.1]
    Renderer: NVIDIA GeForce RTX 2070 (ID=0x1f02)
    Vendor:   
    VRAM:     8031 MB
    Driver:   27.21.14.5671
Initialize mono
Mono path[0] = 'C:/Program Files/Unity/Hub/Editor/2020.3.17f1/Editor/Data/Managed'
Mono path[1] = 'C:/Program Files/Unity/Hub/Editor/2020.3.17f1/Editor/Data/MonoBleedingEdge/lib/mono/unityjit'
Mono config path = 'C:/Program Files/Unity/Hub/Editor/2020.3.17f1/Editor/Data/MonoBleedingEdge/etc'
Using monoOptions --debugger-agent=transport=dt_socket,embedding=1,server=y,suspend=n,address=127.0.0.1:56172
Begin MonoManager ReloadAssembly
Registering precompiled unity dll's ...
Register platform support module: C:/Program Files/Unity/Hub/Editor/2020.3.17f1/Editor/Data/PlaybackEngines/WindowsStandaloneSupport/UnityEditor.WindowsStandalone.Extensions.dll
Registered in 0.002588 seconds.
Native extension for WindowsStandalone target not found
Refreshing native plugins compatible for Editor in 49.87 ms, found 3 plugins.
Preloading 0 native plugins for Editor in 0.00 ms.
Mono: successfully reloaded assembly
- Completed reload, in  1.284 seconds
Domain Reload Profiling:
	ReloadAssembly (1284ms)
		BeginReloadAssembly (58ms)
			ExecutionOrderSort (0ms)
			DisableScriptedObjects (0ms)
			BackupInstance (0ms)
			ReleaseScriptingObjects (0ms)
			CreateAndSetChildDomain (1ms)
		EndReloadAssembly (494ms)
			LoadAssemblies (55ms)
			RebuildTransferFunctionScriptingTraits (0ms)
			SetupTypeCache (190ms)
			ReleaseScriptCaches (0ms)
			RebuildScriptCaches (33ms)
			SetupLoadedEditorAssemblies (181ms)
				LogAssemblyErrors (0ms)
				InitializePlatformSupportModulesInManaged (4ms)
				SetLoadedEditorAssemblies (0ms)
				RefreshPlugins (50ms)
				BeforeProcessingInitializeOnLoad (13ms)
				ProcessInitializeOnLoadAttributes (84ms)
				ProcessInitializeOnLoadMethodAttributes (29ms)
				AfterProcessingInitializeOnLoad (0ms)
				EditorAssembliesLoaded (0ms)
			ExecutionOrderSort2 (0ms)
			AwakeInstancesAfterBackupRestoration (0ms)
Platform modules already initialized, skipping
Registering precompiled user dll's ...
Registered in 0.005246 seconds.
Begin MonoManager ReloadAssembly
Native extension for WindowsStandalone target not found
Refreshing native plugins compatible for Editor in 43.85 ms, found 3 plugins.
Preloading 0 native plugins for Editor in 0.00 ms.
Mono: successfully reloaded assembly
- Completed reload, in  1.249 seconds
Domain Reload Profiling:
	ReloadAssembly (1251ms)
		BeginReloadAssembly (155ms)
			ExecutionOrderSort (0ms)
			DisableScriptedObjects (5ms)
			BackupInstance (0ms)
			ReleaseScriptingObjects (0ms)
			CreateAndSetChildDomain (19ms)
		EndReloadAssembly (1022ms)
			LoadAssemblies (96ms)
			RebuildTransferFunctionScriptingTraits (0ms)
			SetupTypeCache (302ms)
			ReleaseScriptCaches (1ms)
			RebuildScriptCaches (52ms)
			SetupLoadedEditorAssemblies (437ms)
				LogAssemblyErrors (0ms)
				InitializePlatformSupportModulesInManaged (5ms)
				SetLoadedEditorAssemblies (0ms)
				RefreshPlugins (44ms)
				BeforeProcessingInitializeOnLoad (84ms)
				ProcessInitializeOnLoadAttributes (282ms)
				ProcessInitializeOnLoadMethodAttributes (13ms)
				AfterProcessingInitializeOnLoad (9ms)
				EditorAssembliesLoaded (0ms)
			ExecutionOrderSort2 (0ms)
			AwakeInstancesAfterBackupRestoration (6ms)
Platform modules already initialized, skipping
========================================================================
Worker process is ready to serve import requests
Launched and connected shader compiler UnityShaderCompiler.exe after 0.05 seconds
Refreshing native plugins compatible for Editor in 0.48 ms, found 3 plugins.
Preloading 0 native plugins for Editor in 0.00 ms.
Unloading 2097 Unused Serialized files (Serialized files now loaded: 0)
System memory in use before: 93.2 MB.
System memory in use after: 93.3 MB.

Unloading 28 unused Assets to reduce memory usage. Loaded Objects now: 2535.
Total: 3.318400 ms (FindLiveObjects: 0.230600 ms CreateObjectMapping: 0.048900 ms MarkObjects: 2.965400 ms  DeleteObjects: 0.071900 ms)

AssetImportParameters requested are different than current active one (requested -> active):
  custom:framework-win-MediaFoundation: 216162199b28c13a410421893ffa2e32 -> 
  custom:video-decoder-ogg-theora: a1e56fd34408186e4bbccfd4996cb3dc -> 
  custom:container-muxer-webm: aa71ff27fc2769a1b78a27578f13a17b -> 
  custom:container-demuxer-webm: 4f35f7cbe854078d1ac9338744f61a02 -> 
  custom:container-demuxer-ogg: 62fdf1f143b41e24485cea50d1cbac27 -> 
  custom:video-encoder-webm-vp8: eb34c28f22e8b96e1ab97ce403110664 -> 
  custom:video-decoder-webm-vp8: 9c59270c3fd7afecdb556c50c9e8de78 -> 
  custom:audio-decoder-ogg-vorbis: bf7c407c2cedff20999df2af8eb42d56 -> 
  custom:audio-encoder-webm-vorbis: bf7c407c2cedff20999df2af8eb42d56 -> 
========================================================================
Received Import Request.
  path: Assets/Scenes/end.unity
  artifactKey: Guid(ff519b271fc45214d912a3ca90eab004) Importer(815301076,1909f56bfc062723c751e8b465ee728b)
Start importing Assets/Scenes/end.unity using Guid(ff519b271fc45214d912a3ca90eab004) Importer(815301076,1909f56bfc062723c751e8b465ee728b)  -> (artifact id: '0832fdd18e98fca2e16496a0a28aa08a') in 0.017969 seconds 
  Import took 0.020973 seconds .

========================================================================
Received Import Request.
  Time since last request: 3.133039 seconds.
  path: Assets/Scenes/MainMenu.unity
  artifactKey: Guid(11dcc80d10a6d1e47b9a97193044e4f4) Importer(815301076,1909f56bfc062723c751e8b465ee728b)
Start importing Assets/Scenes/MainMenu.unity using Guid(11dcc80d10a6d1e47b9a97193044e4f4) Importer(815301076,1909f56bfc062723c751e8b465ee728b)  -> (artifact id: '7aa0d5b03d393a5add959226cabe0b75') in 0.007944 seconds 
  Import took 0.011095 seconds .

========================================================================
Received Import Request.
  Time since last request: 1.692381 seconds.
  path: Assets/Scenes/Singleplayer.unity
  artifactKey: Guid(da894ec97f6ae5e4e8dc8eb839e761e0) Importer(815301076,1909f56bfc062723c751e8b465ee728b)
Start importing Assets/Scenes/Singleplayer.unity using Guid(da894ec97f6ae5e4e8dc8eb839e761e0) Importer(815301076,1909f56bfc062723c751e8b465ee728b)  -> (artifact id: 'e745a760ae10f9b4bf0a782f0d478d6b') in 0.006703 seconds 
  Import took 0.009845 seconds .

========================================================================
Received Import Request.
  Time since last request: 0.000223 seconds.
  path: Assets/Scenes/Singleplayer.unity
  artifactKey: Guid(da894ec97f6ae5e4e8dc8eb839e761e0) Importer(815301076,1909f56bfc062723c751e8b465ee728b)
Start importing Assets/Scenes/Singleplayer.unity using Guid(da894ec97f6ae5e4e8dc8eb839e761e0) Importer(815301076,1909f56bfc062723c751e8b465ee728b)  -> (artifact id: 'e745a760ae10f9b4bf0a782f0d478d6b') in 0.003283 seconds 
  Import took 0.006747 seconds .

========================================================================
Received Import Request.
  Time since last request: 69.457962 seconds.
  path: Assets/Assets/786399.png
  artifactKey: Guid(546cd8be4705ecd4eb5d90e7a30b3dde) Importer(815301076,1909f56bfc062723c751e8b465ee728b)
Start importing Assets/Assets/786399.png using Guid(546cd8be4705ecd4eb5d90e7a30b3dde) Importer(815301076,1909f56bfc062723c751e8b465ee728b)  -> (artifact id: '517fd2d0390aad702dec578014984f8c') in 0.116862 seconds 
  Import took 0.120113 seconds .

========================================================================
Received Import Request.
  Time since last request: 0.000185 seconds.
  path: Assets/Assets/3357490.png
  artifactKey: Guid(7ad802a4b101ba64993343698b5a3849) Importer(815301076,1909f56bfc062723c751e8b465ee728b)
Start importing Assets/Assets/3357490.png using Guid(7ad802a4b101ba64993343698b5a3849) Importer(815301076,1909f56bfc062723c751e8b465ee728b)  -> (artifact id: 'a928c2d5dadf11f7d92f1902468f0bc2') in 0.019779 seconds 
  Import took 0.023748 seconds .

========================================================================
Received Import Request.
  Time since last request: 0.000219 seconds.
  path: Assets/Assets/3756655.png
  artifactKey: Guid(20f0a68db53a2d9428e9a86430feccd9) Importer(815301076,1909f56bfc062723c751e8b465ee728b)
Start importing Assets/Assets/3756655.png using Guid(20f0a68db53a2d9428e9a86430feccd9) Importer(815301076,1909f56bfc062723c751e8b465ee728b)  -> (artifact id: '0c2ef81d72f455a05b9fa44ae16815dc') in 0.022829 seconds 
  Import took 0.026789 seconds .

========================================================================
Received Import Request.
  Time since last request: 0.000188 seconds.
  path: Assets/Assets/6576729.png
  artifactKey: Guid(421522459537cec48a4de77749cecea1) Importer(815301076,1909f56bfc062723c751e8b465ee728b)
Start importing Assets/Assets/6576729.png using Guid(421522459537cec48a4de77749cecea1) Importer(815301076,1909f56bfc062723c751e8b465ee728b)  -> (artifact id: 'c51c9965da3657e983c922a801bca62f') in 0.020685 seconds 
  Import took 0.023682 seconds .

========================================================================
Received Import Request.
  Time since last request: 0.000211 seconds.
  path: Assets/Assets/BO-Play-Free-Black-Dotted-Seamless-Pattern-2.jpg
  artifactKey: Guid(102d70c32517146438f7568f733e1f57) Importer(815301076,1909f56bfc062723c751e8b465ee728b)
Start importing Assets/Assets/BO-Play-Free-Black-Dotted-Seamless-Pattern-2.jpg using Guid(102d70c32517146438f7568f733e1f57) Importer(815301076,1909f56bfc062723c751e8b465ee728b)  -> (artifact id: 'f422f3058b885a1b543bf20e52b49ecc') in 0.034089 seconds 
  Import took 0.036914 seconds .

========================================================================
Received Import Request.
  Time since last request: 0.000172 seconds.
  path: Assets/Assets/1262967.png
  artifactKey: Guid(3f827e6b2c6e7094ea9934986606182c) Importer(815301076,1909f56bfc062723c751e8b465ee728b)
Start importing Assets/Assets/1262967.png using Guid(3f827e6b2c6e7094ea9934986606182c) Importer(815301076,1909f56bfc062723c751e8b465ee728b)  -> (artifact id: '527ca27329bbb1c69c01aea3f8ed7979') in 0.023187 seconds 
  Import took 0.026082 seconds .

========================================================================
Received Import Request.
  Time since last request: 0.000175 seconds.
  path: Assets/Assets/Pngtreegame_buttons_and_transparent_background_6063492_3.png
  artifactKey: Guid(64f099fcc46ad0847b179d4b51db1acd) Importer(815301076,1909f56bfc062723c751e8b465ee728b)
Start importing Assets/Assets/Pngtreegame_buttons_and_transparent_background_6063492_3.png using Guid(64f099fcc46ad0847b179d4b51db1acd) Importer(815301076,1909f56bfc062723c751e8b465ee728b)  -> (artifact id: '7f3d30a5b7669a8a0db438015fd7a23b') in 0.026341 seconds 
  Import took 0.029223 seconds .

========================================================================
Received Import Request.
  Time since last request: 0.000171 seconds.
  path: Assets/Assets/3357628.png
  artifactKey: Guid(bd5b9e27c3730b44da1c3e8fabec88e6) Importer(815301076,1909f56bfc062723c751e8b465ee728b)
Start importing Assets/Assets/3357628.png using Guid(bd5b9e27c3730b44da1c3e8fabec88e6) Importer(815301076,1909f56bfc062723c751e8b465ee728b)  -> (artifact id: 'fe949c914af507ad0c3c24886270e90a') in 0.019598 seconds 
  Import took 0.022598 seconds .

========================================================================
Received Import Request.
  Time since last request: 0.000149 seconds.
  path: Assets/Assets/Pngtreegame_buttons_and_transparent_background_6063492_7.png
  artifactKey: Guid(5c41b50ab80993d41b91f8d23d6a91ee) Importer(815301076,1909f56bfc062723c751e8b465ee728b)
Start importing Assets/Assets/Pngtreegame_buttons_and_transparent_background_6063492_7.png using Guid(5c41b50ab80993d41b91f8d23d6a91ee) Importer(815301076,1909f56bfc062723c751e8b465ee728b)  -> (artifact id: 'a3ad810f24f38874335abf075ca7d222') in 0.021490 seconds 
  Import took 0.024629 seconds .

========================================================================
Received Import Request.
  Time since last request: 0.000181 seconds.
  path: Assets/Assets/Pngtreegame_buttons_and_transparent_background_6063492.png
  artifactKey: Guid(256e1227fc121a44ebce0bfc651ae688) Importer(815301076,1909f56bfc062723c751e8b465ee728b)
Start importing Assets/Assets/Pngtreegame_buttons_and_transparent_background_6063492.png using Guid(256e1227fc121a44ebce0bfc651ae688) Importer(815301076,1909f56bfc062723c751e8b465ee728b)  -> (artifact id: '4467b55046b93ebe60a3935ffe726f6d') in 0.072115 seconds 
  Import took 0.075315 seconds .

========================================================================
Received Import Request.
  Time since last request: 0.000172 seconds.
  path: Assets/Assets/Bez_naslova.png
  artifactKey: Guid(b54f139b4c502014882fe815024047ff) Importer(815301076,1909f56bfc062723c751e8b465ee728b)
Start importing Assets/Assets/Bez_naslova.png using Guid(b54f139b4c502014882fe815024047ff) Importer(815301076,1909f56bfc062723c751e8b465ee728b)  -> (artifact id: '42f2243e3f0ea6491cd1962ac1d5ae2e') in 0.017062 seconds 
  Import took 0.020063 seconds .

========================================================================
Received Import Request.
  Time since last request: 0.000169 seconds.
  path: Assets/Assets/3357569.png
  artifactKey: Guid(abfdcb7900998d842bbaf254f3f404b8) Importer(815301076,1909f56bfc062723c751e8b465ee728b)
Start importing Assets/Assets/3357569.png using Guid(abfdcb7900998d842bbaf254f3f404b8) Importer(815301076,1909f56bfc062723c751e8b465ee728b)  -> (artifact id: 'fc1b268eebc0c271455521f92deb92b3') in 0.019948 seconds 
  Import took 0.022830 seconds .

========================================================================
Received Import Request.
  Time since last request: 0.000179 seconds.
  path: Assets/Assets/Pngtreeblack_and_white_play_game_6063673_3.png
  artifactKey: Guid(b018b28019c2c6f41a80bed621d95d3e) Importer(815301076,1909f56bfc062723c751e8b465ee728b)
Start importing Assets/Assets/Pngtreeblack_and_white_play_game_6063673_3.png using Guid(b018b28019c2c6f41a80bed621d95d3e) Importer(815301076,1909f56bfc062723c751e8b465ee728b)  -> (artifact id: '6b0362c784762decf1d61d16a3831b7f') in 0.019701 seconds 
  Import took 0.022962 seconds .

========================================================================
Received Import Request.
  Time since last request: 0.000153 seconds.
  path: Assets/Assets/3357582.png
  artifactKey: Guid(992d422b201b9174d95df9374c0cefc8) Importer(815301076,1909f56bfc062723c751e8b465ee728b)
Start importing Assets/Assets/3357582.png using Guid(992d422b201b9174d95df9374c0cefc8) Importer(815301076,1909f56bfc062723c751e8b465ee728b)  -> (artifact id: 'aba2986381a3ea345a32c2fac3d30d11') in 0.022679 seconds 
  Import took 0.025736 seconds .

========================================================================
Received Import Request.
  Time since last request: 0.000155 seconds.
  path: Assets/Assets/MouseMemoirs-Regular.ttf
  artifactKey: Guid(c676e661f8e5916479a45499119633ca) Importer(815301076,1909f56bfc062723c751e8b465ee728b)
Start importing Assets/Assets/MouseMemoirs-Regular.ttf using Guid(c676e661f8e5916479a45499119633ca) Importer(815301076,1909f56bfc062723c751e8b465ee728b)  -> (artifact id: '9fab37294988cbb07c8e6ad291faa67f') in 0.050936 seconds 
  Import took 0.053757 seconds .

========================================================================
Received Import Request.
  Time since last request: 0.000163 seconds.
  path: Assets/Assets/HD-wallpaper-blue-digits-background-math-concept-numbers-digits-texture-blue-backgrounds.jpg
  artifactKey: Guid(6c231a4b9f44eb144a42730f00f26503) Importer(815301076,1909f56bfc062723c751e8b465ee728b)
Start importing Assets/Assets/HD-wallpaper-blue-digits-background-math-concept-numbers-digits-texture-blue-backgrounds.jpg using Guid(6c231a4b9f44eb144a42730f00f26503) Importer(815301076,1909f56bfc062723c751e8b465ee728b)  -> (artifact id: 'ee1a1178a8395ed162c63867608bafe0') in 0.021300 seconds 
  Import took 0.024471 seconds .

========================================================================
Received Import Request.
  Time since last request: 0.000157 seconds.
  path: Assets/Assets/1262944.png
  artifactKey: Guid(3054886bf9fde4145829f85c8faa32cb) Importer(815301076,1909f56bfc062723c751e8b465ee728b)
Start importing Assets/Assets/1262944.png using Guid(3054886bf9fde4145829f85c8faa32cb) Importer(815301076,1909f56bfc062723c751e8b465ee728b)  -> (artifact id: 'bfc17d95f5e12a8b40ab8e7d5d70d7ad') in 0.021494 seconds 
  Import took 0.024498 seconds .

========================================================================
Received Import Request.
  Time since last request: 0.000184 seconds.
  path: Assets/Assets/Pngtreegame_buttons_and_transparent_background_6063492_1.png
  artifactKey: Guid(8db801ba9b61aa247b995001c3382244) Importer(815301076,1909f56bfc062723c751e8b465ee728b)
Start importing Assets/Assets/Pngtreegame_buttons_and_transparent_background_6063492_1.png using Guid(8db801ba9b61aa247b995001c3382244) Importer(815301076,1909f56bfc062723c751e8b465ee728b)  -> (artifact id: 'b50693d97f76ba4aca82ed408d28d8ab') in 0.019417 seconds 
  Import took 0.022468 seconds .

========================================================================
Received Import Request.
  Time since last request: 0.000175 seconds.
  path: Assets/Assets/3357402.png
  artifactKey: Guid(349b14489c790044397cdfa6b2ce1469) Importer(815301076,1909f56bfc062723c751e8b465ee728b)
Start importing Assets/Assets/3357402.png using Guid(349b14489c790044397cdfa6b2ce1469) Importer(815301076,1909f56bfc062723c751e8b465ee728b)  -> (artifact id: '34f1be10d66a3fe930e74afb864db939') in 0.018600 seconds 
  Import took 0.021526 seconds .

========================================================================
Received Import Request.
  Time since last request: 0.000169 seconds.
  path: Assets/Assets/Classic_Christmas.ttf
  artifactKey: Guid(bd800412f23b9d74faa5cc4c86639254) Importer(815301076,1909f56bfc062723c751e8b465ee728b)
Start importing Assets/Assets/Classic_Christmas.ttf using Guid(bd800412f23b9d74faa5cc4c86639254) Importer(815301076,1909f56bfc062723c751e8b465ee728b)  -> (artifact id: '02e76e80cb91060b7ecec77161e59cb1') in 0.023041 seconds 
  Import took 0.025989 seconds .

========================================================================
Received Import Request.
  Time since last request: 0.000177 seconds.
  path: Assets/Assets/Pngtreegame_buttons_and_transparent_background_6063492_5.png
  artifactKey: Guid(39b35177adafde0448471f0c00433204) Importer(815301076,1909f56bfc062723c751e8b465ee728b)
Start importing Assets/Assets/Pngtreegame_buttons_and_transparent_background_6063492_5.png using Guid(39b35177adafde0448471f0c00433204) Importer(815301076,1909f56bfc062723c751e8b465ee728b)  -> (artifact id: 'd287f2b213818255b715b1b36423c647') in 0.018988 seconds 
  Import took 0.022453 seconds .

========================================================================
Received Import Request.
  Time since last request: 0.000220 seconds.
  path: Assets/Assets/3357367.png
  artifactKey: Guid(6cb45118b1c57ec4b9b5fc8206f20632) Importer(815301076,1909f56bfc062723c751e8b465ee728b)
Start importing Assets/Assets/3357367.png using Guid(6cb45118b1c57ec4b9b5fc8206f20632) Importer(815301076,1909f56bfc062723c751e8b465ee728b)  -> (artifact id: 'ba1b3fc42298095279505a8498682032') in 0.018825 seconds 
  Import took 0.022066 seconds .

========================================================================
Received Import Request.
  Time since last request: 0.000286 seconds.
  path: Assets/Assets/Pngtreegame_buttons_and_transparent_background_6063492_2.png
  artifactKey: Guid(f59126a33701d514bb7424e275c25d83) Importer(815301076,1909f56bfc062723c751e8b465ee728b)
Start importing Assets/Assets/Pngtreegame_buttons_and_transparent_background_6063492_2.png using Guid(f59126a33701d514bb7424e275c25d83) Importer(815301076,1909f56bfc062723c751e8b465ee728b)  -> (artifact id: '2d9fb54d3da2a986bcffff525fbfc429') in 0.017264 seconds 
  Import took 0.021092 seconds .

========================================================================
Received Import Request.
  Time since last request: 0.000245 seconds.
  path: Assets/Assets/Pngtreegame_buttons_and_transparent_background_6063492_8.png
  artifactKey: Guid(0ce9125689950534694d987417ab6aea) Importer(815301076,1909f56bfc062723c751e8b465ee728b)
Start importing Assets/Assets/Pngtreegame_buttons_and_transparent_background_6063492_8.png using Guid(0ce9125689950534694d987417ab6aea) Importer(815301076,1909f56bfc062723c751e8b465ee728b)  -> (artifact id: '6a22347a87e19c27d08fb4097e5ef30f') in 0.018865 seconds 
  Import took 0.022282 seconds .

========================================================================
Received Import Request.
  Time since last request: 0.000193 seconds.
  path: Assets/Assets/Pngtreeblack_and_white_play_game_6063673_2.png
  artifactKey: Guid(1256674e53d60bd48a912b74e9554633) Importer(815301076,1909f56bfc062723c751e8b465ee728b)
Start importing Assets/Assets/Pngtreeblack_and_white_play_game_6063673_2.png using Guid(1256674e53d60bd48a912b74e9554633) Importer(815301076,1909f56bfc062723c751e8b465ee728b)  -> (artifact id: '0f16b34f71837ede46dbdd398df845d2') in 0.019430 seconds 
  Import took 0.022441 seconds .

========================================================================
Received Import Request.
  Time since last request: 0.000213 seconds.
  path: Assets/Assets/3954735.png
  artifactKey: Guid(1054733d64066ad4199dff2a545ddc7e) Importer(815301076,1909f56bfc062723c751e8b465ee728b)
Start importing Assets/Assets/3954735.png using Guid(1054733d64066ad4199dff2a545ddc7e) Importer(815301076,1909f56bfc062723c751e8b465ee728b)  -> (artifact id: '742d94cc18d1e63d6c8fa5fcc3d53e14') in 0.016658 seconds 
  Import took 0.020082 seconds .

========================================================================
Received Import Request.
  Time since last request: 0.000178 seconds.
  path: Assets/Assets/Pngtreegame_buttons_and_transparent_background_6063492_4.png
  artifactKey: Guid(8aabf7b9325454f428abd212fd07bb1e) Importer(815301076,1909f56bfc062723c751e8b465ee728b)
Start importing Assets/Assets/Pngtreegame_buttons_and_transparent_background_6063492_4.png using Guid(8aabf7b9325454f428abd212fd07bb1e) Importer(815301076,1909f56bfc062723c751e8b465ee728b)  -> (artifact id: 'd7d893d7db819d4a9f013402b6062f6f') in 0.015758 seconds 
  Import took 0.018744 seconds .

========================================================================
Received Import Request.
  Time since last request: 0.000298 seconds.
  path: Assets/Assets/images 1.jpg
  artifactKey: Guid(6eab1b2d52912974db508fa945711890) Importer(815301076,1909f56bfc062723c751e8b465ee728b)
Start importing Assets/Assets/images 1.jpg using Guid(6eab1b2d52912974db508fa945711890) Importer(815301076,1909f56bfc062723c751e8b465ee728b)  -> (artifact id: '5007864ddc96520f662bbb19e19ca995') in 0.029036 seconds 
  Import took 0.032523 seconds .

========================================================================
Received Import Request.
  Time since last request: 0.000176 seconds.
  path: Assets/Assets/images.jpg
  artifactKey: Guid(408b6270b86644f45b3491636366dec1) Importer(815301076,1909f56bfc062723c751e8b465ee728b)
Start importing Assets/Assets/images.jpg using Guid(408b6270b86644f45b3491636366dec1) Importer(815301076,1909f56bfc062723c751e8b465ee728b)  -> (artifact id: '1fd7b21559a62243a707fdb0f792f0f4') in 0.027493 seconds 
  Import took 0.030340 seconds .

========================================================================
Received Import Request.
  Time since last request: 0.000170 seconds.
  path: Assets/Assets/image-removebg-preview_5.png
  artifactKey: Guid(36d14c18d51166c42847d35fa1507cf0) Importer(815301076,1909f56bfc062723c751e8b465ee728b)
Start importing Assets/Assets/image-removebg-preview_5.png using Guid(36d14c18d51166c42847d35fa1507cf0) Importer(815301076,1909f56bfc062723c751e8b465ee728b)  -> (artifact id: '04ef5ad7b74328bf3452ad996e10bc9b') in 0.015922 seconds 
  Import took 0.019402 seconds .

========================================================================
Received Import Request.
  Time since last request: 0.000284 seconds.
  path: Assets/Assets/Pngtreegame_buttons_and_transparent_background_6063492_1 1.png
  artifactKey: Guid(6030b8b3938d4fa4d8188ea295443fe1) Importer(815301076,1909f56bfc062723c751e8b465ee728b)
Start importing Assets/Assets/Pngtreegame_buttons_and_transparent_background_6063492_1 1.png using Guid(6030b8b3938d4fa4d8188ea295443fe1) Importer(815301076,1909f56bfc062723c751e8b465ee728b)  -> (artifact id: '21d1498e85056f7b845d1cd61a4c5aaa') in 0.018850 seconds 
  Import took 0.022111 seconds .

========================================================================
Received Import Request.
  Time since last request: 0.000181 seconds.
  path: Assets/Assets/image-removebg-preview_5.png
  artifactKey: Guid(36d14c18d51166c42847d35fa1507cf0) Importer(815301076,1909f56bfc062723c751e8b465ee728b)
Start importing Assets/Assets/image-removebg-preview_5.png using Guid(36d14c18d51166c42847d35fa1507cf0) Importer(815301076,1909f56bfc062723c751e8b465ee728b)  -> (artifact id: '04ef5ad7b74328bf3452ad996e10bc9b') in 0.022156 seconds 
  Import took 0.025635 seconds .

========================================================================
Received Import Request.
  Time since last request: 62.380387 seconds.
  path: Assets/Scenes/Credits.unity
  artifactKey: Guid(d5529387bceacb845836c2fccbed8e85) Importer(815301076,1909f56bfc062723c751e8b465ee728b)
Start importing Assets/Scenes/Credits.unity using Guid(d5529387bceacb845836c2fccbed8e85) Importer(815301076,1909f56bfc062723c751e8b465ee728b)  -> (artifact id: 'dd74e1adb9cd16fd60d00ffe0c1e8f21') in 0.008391 seconds 
  Import took 0.011878 seconds .

========================================================================
Received Import Request.
  Time since last request: 0.000582 seconds.
  path: Assets/Scenes/Credits.unity
  artifactKey: Guid(d5529387bceacb845836c2fccbed8e85) Importer(815301076,1909f56bfc062723c751e8b465ee728b)
Start importing Assets/Scenes/Credits.unity using Guid(d5529387bceacb845836c2fccbed8e85) Importer(815301076,1909f56bfc062723c751e8b465ee728b)  -> (artifact id: 'dd74e1adb9cd16fd60d00ffe0c1e8f21') in 0.003655 seconds 
  Import took 0.007962 seconds .

========================================================================
Received Prepare
Registering precompiled user dll's ...
Registered in 0.005168 seconds.
Begin MonoManager ReloadAssembly
Native extension for WindowsStandalone target not found
Refreshing native plugins compatible for Editor in 1.25 ms, found 3 plugins.
Preloading 0 native plugins for Editor in 0.00 ms.
Mono: successfully reloaded assembly
- Completed reload, in  1.189 seconds
Domain Reload Profiling:
	ReloadAssembly (1189ms)
		BeginReloadAssembly (114ms)
			ExecutionOrderSort (0ms)
			DisableScriptedObjects (6ms)
			BackupInstance (0ms)
			ReleaseScriptingObjects (0ms)
			CreateAndSetChildDomain (35ms)
		EndReloadAssembly (1000ms)
			LoadAssemblies (96ms)
			RebuildTransferFunctionScriptingTraits (0ms)
			SetupTypeCache (303ms)
			ReleaseScriptCaches (1ms)
			RebuildScriptCaches (40ms)
			SetupLoadedEditorAssemblies (441ms)
				LogAssemblyErrors (0ms)
				InitializePlatformSupportModulesInManaged (7ms)
				SetLoadedEditorAssemblies (1ms)
				RefreshPlugins (1ms)
				BeforeProcessingInitializeOnLoad (138ms)
				ProcessInitializeOnLoadAttributes (278ms)
				ProcessInitializeOnLoadMethodAttributes (6ms)
				AfterProcessingInitializeOnLoad (9ms)
				EditorAssembliesLoaded (0ms)
			ExecutionOrderSort2 (0ms)
			AwakeInstancesAfterBackupRestoration (12ms)
Platform modules already initialized, skipping
Refreshing native plugins compatible for Editor in 0.53 ms, found 3 plugins.
Preloading 0 native plugins for Editor in 0.00 ms.
Unloading 2087 Unused Serialized files (Serialized files now loaded: 0)
System memory in use before: 96.0 MB.
System memory in use after: 96.1 MB.

Unloading 16 unused Assets to reduce memory usage. Loaded Objects now: 2604.
Total: 3.229200 ms (FindLiveObjects: 0.246500 ms CreateObjectMapping: 0.048700 ms MarkObjects: 2.916700 ms  DeleteObjects: 0.015900 ms)

AssetImportParameters requested are different than current active one (requested -> active):
  custom:framework-win-MediaFoundation: 216162199b28c13a410421893ffa2e32 -> 
  custom:video-decoder-ogg-theora: a1e56fd34408186e4bbccfd4996cb3dc -> 
  custom:container-muxer-webm: aa71ff27fc2769a1b78a27578f13a17b -> 
  custom:container-demuxer-webm: 4f35f7cbe854078d1ac9338744f61a02 -> 
  custom:container-demuxer-ogg: 62fdf1f143b41e24485cea50d1cbac27 -> 
  custom:video-encoder-webm-vp8: eb34c28f22e8b96e1ab97ce403110664 -> 
  custom:video-decoder-webm-vp8: 9c59270c3fd7afecdb556c50c9e8de78 -> 
  custom:audio-decoder-ogg-vorbis: bf7c407c2cedff20999df2af8eb42d56 -> 
  custom:audio-encoder-webm-vorbis: bf7c407c2cedff20999df2af8eb42d56 -> 
========================================================================
Received Prepare
Registering precompiled user dll's ...
Registered in 0.004859 seconds.
Begin MonoManager ReloadAssembly
Native extension for WindowsStandalone target not found
Refreshing native plugins compatible for Editor in 0.50 ms, found 3 plugins.
Preloading 0 native plugins for Editor in 0.00 ms.
Mono: successfully reloaded assembly
- Completed reload, in  1.112 seconds
Domain Reload Profiling:
	ReloadAssembly (1113ms)
		BeginReloadAssembly (111ms)
			ExecutionOrderSort (0ms)
			DisableScriptedObjects (6ms)
			BackupInstance (0ms)
			ReleaseScriptingObjects (0ms)
			CreateAndSetChildDomain (34ms)
		EndReloadAssembly (933ms)
			LoadAssemblies (91ms)
			RebuildTransferFunctionScriptingTraits (0ms)
			SetupTypeCache (278ms)
			ReleaseScriptCaches (1ms)
			RebuildScriptCaches (40ms)
			SetupLoadedEditorAssemblies (416ms)
				LogAssemblyErrors (0ms)
				InitializePlatformSupportModulesInManaged (5ms)
				SetLoadedEditorAssemblies (0ms)
				RefreshPlugins (1ms)
				BeforeProcessingInitializeOnLoad (122ms)
				ProcessInitializeOnLoadAttributes (273ms)
				ProcessInitializeOnLoadMethodAttributes (6ms)
				AfterProcessingInitializeOnLoad (9ms)
				EditorAssembliesLoaded (0ms)
			ExecutionOrderSort2 (0ms)
			AwakeInstancesAfterBackupRestoration (11ms)
Platform modules already initialized, skipping
Refreshing native plugins compatible for Editor in 0.48 ms, found 3 plugins.
Preloading 0 native plugins for Editor in 0.00 ms.
Unloading 2087 Unused Serialized files (Serialized files now loaded: 0)
System memory in use before: 96.1 MB.
System memory in use after: 96.2 MB.

Unloading 16 unused Assets to reduce memory usage. Loaded Objects now: 2607.
Total: 3.049800 ms (FindLiveObjects: 0.221000 ms CreateObjectMapping: 0.048000 ms MarkObjects: 2.764100 ms  DeleteObjects: 0.015100 ms)

AssetImportParameters requested are different than current active one (requested -> active):
  custom:framework-win-MediaFoundation: 216162199b28c13a410421893ffa2e32 -> 
  custom:video-decoder-ogg-theora: a1e56fd34408186e4bbccfd4996cb3dc -> 
  custom:container-muxer-webm: aa71ff27fc2769a1b78a27578f13a17b -> 
  custom:container-demuxer-webm: 4f35f7cbe854078d1ac9338744f61a02 -> 
  custom:container-demuxer-ogg: 62fdf1f143b41e24485cea50d1cbac27 -> 
  custom:video-encoder-webm-vp8: eb34c28f22e8b96e1ab97ce403110664 -> 
  custom:video-decoder-webm-vp8: 9c59270c3fd7afecdb556c50c9e8de78 -> 
  custom:audio-decoder-ogg-vorbis: bf7c407c2cedff20999df2af8eb42d56 -> 
  custom:audio-encoder-webm-vorbis: bf7c407c2cedff20999df2af8eb42d56 -> 
========================================================================
Received Import Request.
  Time since last request: 330.539633 seconds.
  path: Assets/Scripts/randomNumber.cs
  artifactKey: Guid(714d0997c21748e46af9cb2a1ea88232) Importer(815301076,1909f56bfc062723c751e8b465ee728b)
Start importing Assets/Scripts/randomNumber.cs using Guid(714d0997c21748e46af9cb2a1ea88232) Importer(815301076,1909f56bfc062723c751e8b465ee728b)  -> (artifact id: '799227d876207d55d0b95a209208e430') in 0.016312 seconds 
  Import took 0.020416 seconds .

========================================================================
Received Prepare
Registering precompiled user dll's ...
Registered in 0.004960 seconds.
Begin MonoManager ReloadAssembly
Native extension for WindowsStandalone target not found
Refreshing native plugins compatible for Editor in 0.50 ms, found 3 plugins.
Preloading 0 native plugins for Editor in 0.00 ms.
Mono: successfully reloaded assembly
- Completed reload, in  1.054 seconds
Domain Reload Profiling:
	ReloadAssembly (1055ms)
		BeginReloadAssembly (113ms)
			ExecutionOrderSort (0ms)
			DisableScriptedObjects (6ms)
			BackupInstance (0ms)
			ReleaseScriptingObjects (0ms)
			CreateAndSetChildDomain (33ms)
		EndReloadAssembly (871ms)
			LoadAssemblies (90ms)
			RebuildTransferFunctionScriptingTraits (0ms)
			SetupTypeCache (277ms)
			ReleaseScriptCaches (1ms)
			RebuildScriptCaches (42ms)
			SetupLoadedEditorAssemblies (352ms)
				LogAssemblyErrors (0ms)
				InitializePlatformSupportModulesInManaged (5ms)
				SetLoadedEditorAssemblies (0ms)
				RefreshPlugins (1ms)
				BeforeProcessingInitializeOnLoad (94ms)
				ProcessInitializeOnLoadAttributes (237ms)
				ProcessInitializeOnLoadMethodAttributes (5ms)
				AfterProcessingInitializeOnLoad (9ms)
				EditorAssembliesLoaded (0ms)
			ExecutionOrderSort2 (0ms)
			AwakeInstancesAfterBackupRestoration (10ms)
Platform modules already initialized, skipping
Refreshing native plugins compatible for Editor in 0.50 ms, found 3 plugins.
Preloading 0 native plugins for Editor in 0.00 ms.
Unloading 2087 Unused Serialized files (Serialized files now loaded: 0)
System memory in use before: 96.1 MB.
System memory in use after: 96.2 MB.

Unloading 16 unused Assets to reduce memory usage. Loaded Objects now: 2610.
Total: 3.316900 ms (FindLiveObjects: 0.253100 ms CreateObjectMapping: 0.047200 ms MarkObjects: 2.995300 ms  DeleteObjects: 0.020100 ms)

AssetImportParameters requested are different than current active one (requested -> active):
  custom:framework-win-MediaFoundation: 216162199b28c13a410421893ffa2e32 -> 
  custom:video-decoder-ogg-theora: a1e56fd34408186e4bbccfd4996cb3dc -> 
  custom:container-muxer-webm: aa71ff27fc2769a1b78a27578f13a17b -> 
  custom:container-demuxer-webm: 4f35f7cbe854078d1ac9338744f61a02 -> 
  custom:container-demuxer-ogg: 62fdf1f143b41e24485cea50d1cbac27 -> 
  custom:video-encoder-webm-vp8: eb34c28f22e8b96e1ab97ce403110664 -> 
  custom:video-decoder-webm-vp8: 9c59270c3fd7afecdb556c50c9e8de78 -> 
  custom:audio-decoder-ogg-vorbis: bf7c407c2cedff20999df2af8eb42d56 -> 
  custom:audio-encoder-webm-vorbis: bf7c407c2cedff20999df2af8eb42d56 -> 
========================================================================
Received Import Request.
  Time since last request: 546.517358 seconds.
  path: Assets/Scripts/randomNumber.cs
  artifactKey: Guid(714d0997c21748e46af9cb2a1ea88232) Importer(815301076,1909f56bfc062723c751e8b465ee728b)
Start importing Assets/Scripts/randomNumber.cs using Guid(714d0997c21748e46af9cb2a1ea88232) Importer(815301076,1909f56bfc062723c751e8b465ee728b)  -> (artifact id: '7da2521850e99acd3eaeda8f697f2f41') in 0.009884 seconds 
  Import took 0.013021 seconds .

========================================================================
Received Import Request.
  Time since last request: 0.001070 seconds.
  path: Assets/Scripts/randomNumber.cs
  artifactKey: Guid(714d0997c21748e46af9cb2a1ea88232) Importer(815301076,1909f56bfc062723c751e8b465ee728b)
Start importing Assets/Scripts/randomNumber.cs using Guid(714d0997c21748e46af9cb2a1ea88232) Importer(815301076,1909f56bfc062723c751e8b465ee728b)  -> (artifact id: '7da2521850e99acd3eaeda8f697f2f41') in 0.002637 seconds 
  Import took 0.005634 seconds .

AssetImportWorkerClient::OnTransportError - code=2 error=End of file
